<?xml version="1.0" encoding="UTF-8"?>
<testng-results skipped="0" failed="0" total="1" passed="1">
  <reporter-output>
  </reporter-output>
  <suite name="Default suite" duration-ms="90266" started-at="2016-01-21T09:10:27Z" finished-at="2016-01-21T09:11:58Z">
    <groups>
    </groups>
    <test name="Default test" duration-ms="90266" started-at="2016-01-21T09:10:27Z" finished-at="2016-01-21T09:11:58Z">
      <class name="WTSUsecases.NewUserTest">
        <test-method status="PASS" signature="beforeClass()[pri:0, instance:WTSUsecases.NewUserTest@6128b200]" name="beforeClass" is-config="true" duration-ms="24078" started-at="2016-01-21T14:40:28Z" finished-at="2016-01-21T14:40:52Z">
          <reporter-output>
          </reporter-output>
        </test-method> <!-- beforeClass -->
        <test-method status="PASS" signature="executeTest()[pri:0, instance:WTSUsecases.NewUserTest@6128b200]" name="executeTest" duration-ms="66155" started-at="2016-01-21T14:40:52Z" description="Execute test" finished-at="2016-01-21T14:41:58Z">
          <reporter-output>
          </reporter-output>
        </test-method> <!-- executeTest -->
        <test-method status="PASS" signature="afterClass()[pri:0, instance:WTSUsecases.NewUserTest@6128b200]" name="afterClass" is-config="true" duration-ms="0" started-at="2016-01-21T14:41:58Z" finished-at="2016-01-21T14:41:58Z">
          <reporter-output>
          </reporter-output>
        </test-method> <!-- afterClass -->
      </class> <!-- WTSUsecases.NewUserTest -->
    </test> <!-- Default test -->
  </suite> <!-- Default suite -->
</testng-results>
